2024-10-09 17:50:20,836 [INFO] Activator:176 - 


2024-10-09 17:50:20,842 [INFO] Activator:177 - !SESSION log4j initialized
2024-10-09 17:50:24,763 [INFO] LogOutputStream:77 - [STDOUT_REDIRECT] 
2024-10-09 17:50:25,265 [INFO] ApplicationProperties:184 - Using Application install path: /home/athul-muralidhar/st/stm32cubeide_1.15.1/plugins/com.st.stm32cube.common.mx_6.12.1.202409122256
2024-10-09 17:50:25,276 [INFO] DbMcusXml:78 - Set database path to: /home/athul-muralidhar/st/stm32cubeide_1.15.1/plugins/com.st.stm32cube.common.mx_6.12.1.202409122256//db//mcu/
2024-10-09 17:50:25,276 [INFO] ApiDb:274 - Set plugin database path to: /home/athul-muralidhar/st/stm32cubeide_1.15.1/plugins/com.st.stm32cube.common.mx_6.12.1.202409122256//db//plugins/boardmanager/
2024-10-09 17:50:25,276 [WARN] ApiDb:259 - Overriding images path with different value:  => /home/athul-muralidhar/st/stm32cubeide_1.15.1/plugins/com.st.stm32cube.common.mx_6.12.1.202409122256//db//plugins/mcufinder/images/
2024-10-09 17:50:25,279 [INFO] ApiDb:250 - Set database path to: /home/athul-muralidhar/.stmcufinder/plugins/mcufinder//mcu/
2024-10-09 17:50:25,279 [INFO] DbMcusAds:125 - Set database path to: /home/athul-muralidhar/.stmcufinder/plugins/mcufinder//mcu/
2024-10-09 17:50:25,280 [INFO] CrossReferenceDbSqlite:203 - Set database path to: /home/athul-muralidhar/.stmcufinder/plugins/mcufinder//mcu/cs/
2024-10-09 17:50:25,356 [INFO] RulesReader:64 - Compatibility file has been processed (297 Rules)
2024-10-09 17:50:25,402 [INFO] DbMcusXml:78 - Set database path to: /home/athul-muralidhar/st/stm32cubeide_1.15.1/plugins/com.st.stm32cube.common.mx_6.12.1.202409122256//db//mcu/
2024-10-09 17:50:25,402 [INFO] ApiDb:274 - Set plugin database path to: /home/athul-muralidhar/st/stm32cubeide_1.15.1/plugins/com.st.stm32cube.common.mx_6.12.1.202409122256//db//plugins/boardmanager/
2024-10-09 17:50:25,402 [INFO] ApiDb:261 - Set plugin images path to: /home/athul-muralidhar/st/stm32cubeide_1.15.1/plugins/com.st.stm32cube.common.mx_6.12.1.202409122256//db//plugins/mcufinder/images/
2024-10-09 17:50:25,403 [WARN] DbFile:41 - Overriding database path with different value: /home/athul-muralidhar/.stmcufinder/plugins/mcufinder/ => /home/athul-muralidhar/.stmcufinder/plugins/mcufinder
2024-10-09 17:50:25,403 [INFO] ApiDb:250 - Set database path to: /home/athul-muralidhar/.stmcufinder/plugins/mcufinder//mcu/
2024-10-09 17:50:25,403 [WARN] DbFile:41 - Overriding database path with different value: /home/athul-muralidhar/.stmcufinder/plugins/mcufinder/ => /home/athul-muralidhar/.stmcufinder/plugins/mcufinder
2024-10-09 17:50:25,403 [INFO] DbMcusAds:125 - Set database path to: /home/athul-muralidhar/.stmcufinder/plugins/mcufinder//mcu/
2024-10-09 17:50:25,403 [WARN] DbFile:41 - Overriding database path with different value: /home/athul-muralidhar/.stmcufinder/plugins/mcufinder/ => /home/athul-muralidhar/.stmcufinder/plugins/mcufinder
2024-10-09 17:50:25,403 [WARN] DbFile:41 - Overriding database path with different value: /home/athul-muralidhar/.stmcufinder/plugins/mcufinder/ => /home/athul-muralidhar/.stmcufinder/plugins/mcufinder
2024-10-09 17:50:25,403 [INFO] CrossReferenceDbSqlite:203 - Set database path to: /home/athul-muralidhar/.stmcufinder/plugins/mcufinder//mcu/cs/
2024-10-09 17:50:25,457 [INFO] MainPanel:268 - HeapMemory: 268435456
2024-10-09 17:50:25,536 [INFO] DbMcusXml:78 - Set database path to: /home/athul-muralidhar/st/stm32cubeide_1.15.1/plugins/com.st.stm32cube.common.mx_6.12.1.202409122256//db//mcu/
2024-10-09 17:50:25,536 [INFO] ApiDb:274 - Set plugin database path to: /home/athul-muralidhar/st/stm32cubeide_1.15.1/plugins/com.st.stm32cube.common.mx_6.12.1.202409122256//db//plugins/boardmanager/
2024-10-09 17:50:25,536 [INFO] ApiDb:261 - Set plugin images path to: /home/athul-muralidhar/st/stm32cubeide_1.15.1/plugins/com.st.stm32cube.common.mx_6.12.1.202409122256//db//plugins/mcufinder/images/
2024-10-09 17:50:25,537 [WARN] DbFile:41 - Overriding database path with different value: /home/athul-muralidhar/.stmcufinder/plugins/mcufinder/ => /home/athul-muralidhar/.stmcufinder/plugins/mcufinder
2024-10-09 17:50:25,537 [INFO] ApiDb:250 - Set database path to: /home/athul-muralidhar/.stmcufinder/plugins/mcufinder//mcu/
2024-10-09 17:50:25,537 [WARN] DbFile:41 - Overriding database path with different value: /home/athul-muralidhar/.stmcufinder/plugins/mcufinder/ => /home/athul-muralidhar/.stmcufinder/plugins/mcufinder
2024-10-09 17:50:25,537 [INFO] DbMcusAds:125 - Set database path to: /home/athul-muralidhar/.stmcufinder/plugins/mcufinder//mcu/
2024-10-09 17:50:25,537 [WARN] DbFile:41 - Overriding database path with different value: /home/athul-muralidhar/.stmcufinder/plugins/mcufinder/ => /home/athul-muralidhar/.stmcufinder/plugins/mcufinder
2024-10-09 17:50:25,537 [WARN] DbFile:41 - Overriding database path with different value: /home/athul-muralidhar/.stmcufinder/plugins/mcufinder/ => /home/athul-muralidhar/.stmcufinder/plugins/mcufinder
2024-10-09 17:50:25,537 [INFO] CrossReferenceDbSqlite:203 - Set database path to: /home/athul-muralidhar/.stmcufinder/plugins/mcufinder//mcu/cs/
2024-10-09 17:50:25,547 [INFO] ApplicationProperties:184 - Using Application install path: /home/athul-muralidhar/st/stm32cubeide_1.15.1/plugins/com.st.stm32cube.common.mx_6.12.1.202409122256
2024-10-09 17:50:25,548 [INFO] PluginManage:196 - Search for loadable plugins [exclusion list=, ]
2024-10-09 17:50:25,549 [INFO] PluginManage:310 - Check plugin analytics
2024-10-09 17:50:25,648 [INFO] AnalyticsPlugin:253 - Accepted Software Licenses: STM32CubeMX.6.11.1
2024-10-09 17:50:25,648 [INFO] AnalyticsPlugin:255 - Accepted CMSIS Pack Licenses: 
2024-10-09 17:50:25,648 [INFO] AnalyticsPlugin:257 - Accepted Firmware Licenses: FW.F4.1.28.0
2024-10-09 17:50:25,651 [INFO] PluginManage:359 - Loaded plugin analytics (category:tool,tabindex:-1)
2024-10-09 17:50:25,651 [INFO] PluginManage:310 - Check plugin cadmodel
2024-10-09 17:50:25,655 [INFO] CADModel:105 - Init CAD model plugin
2024-10-09 17:50:25,655 [INFO] PluginManage:359 - Loaded plugin cadmodel (category:power,tabindex:5)
2024-10-09 17:50:25,655 [INFO] PluginManage:310 - Check plugin clock
2024-10-09 17:50:25,661 [INFO] PluginManage:359 - Loaded plugin clock (category:base,tabindex:2)
2024-10-09 17:50:25,661 [INFO] PluginManage:310 - Check plugin ddr
2024-10-09 17:50:25,662 [INFO] PluginManage:359 - Loaded plugin ddr (category:tool,tabindex:6)
2024-10-09 17:50:25,663 [INFO] PluginManage:310 - Check plugin filemanager
2024-10-09 17:50:25,767 [INFO] PluginManage:359 - Loaded plugin filemanager (category:base,tabindex:10)
2024-10-09 17:50:25,767 [INFO] PluginManage:310 - Check plugin ipmanager
2024-10-09 17:50:25,771 [INFO] PluginManage:359 - Loaded plugin ipmanager (category:base,tabindex:5)
2024-10-09 17:50:25,771 [INFO] PluginManage:310 - Check plugin lpbam
2024-10-09 17:50:25,777 [INFO] PluginManage:359 - Loaded plugin lpbam (category:base,tabindex:0)
2024-10-09 17:50:25,777 [INFO] PluginManage:310 - Check plugin memorymap
2024-10-09 17:50:25,784 [INFO] PluginManage:359 - Loaded plugin memorymap (category:base,tabindex:4)
2024-10-09 17:50:25,784 [INFO] PluginManage:310 - Check plugin pinoutandconfiguration
2024-10-09 17:50:25,788 [INFO] PluginManage:359 - Loaded plugin pinoutandconfiguration (category:base,tabindex:1)
2024-10-09 17:50:25,789 [INFO] PluginManage:310 - Check plugin pinoutconfig
2024-10-09 17:50:25,857 [WARN] SupportedApi:132 - Cannot load RTOS API schema: s4s-elt-must-match.1: The content of 'definitions' must match (annotation?, (simpleType | complexType)?, (unique | key | keyref)*)). A problem was found starting at: attribute.
2024-10-09 17:50:25,960 [INFO] PluginManage:359 - Loaded plugin pinoutconfig (category:base,tabindex:0)
2024-10-09 17:50:25,960 [INFO] PluginManage:310 - Check plugin power
2024-10-09 17:50:25,966 [INFO] PluginManage:359 - Loaded plugin power (category:power,tabindex:4)
2024-10-09 17:50:25,967 [INFO] PluginManage:310 - Check plugin projectmanager
2024-10-09 17:50:25,978 [INFO] PluginManage:359 - Loaded plugin projectmanager (category:projectmanager,tabindex:4)
2024-10-09 17:50:25,979 [INFO] PluginManage:310 - Check plugin rif
2024-10-09 17:50:25,982 [INFO] PluginManage:359 - Loaded plugin rif (category:base,tabindex:3)
2024-10-09 17:50:25,982 [INFO] PluginManage:310 - Check plugin thirdparty
2024-10-09 17:50:26,053 [WARN] IntegrityCheckThread:84 - waiting for thirdparty lock release [integrity check]
2024-10-09 17:50:26,053 [INFO] PluginManage:359 - Loaded plugin thirdparty (category:base,tabindex:-1)
2024-10-09 17:50:26,053 [INFO] IntegrityCheckThread:86 - entering critical section [integrity check]
2024-10-09 17:50:26,053 [INFO] PluginManage:310 - Check plugin tools
2024-10-09 17:50:26,054 [INFO] ThirdPartyUpdaterWithRetryManager:70 - Updater plugin not ready yet. [1/15]
2024-10-09 17:50:26,055 [INFO] PluginManage:359 - Loaded plugin tools (category:base,tabindex:7)
2024-10-09 17:50:26,055 [INFO] PluginManage:310 - Check plugin tutovideos
2024-10-09 17:50:26,154 [INFO] PluginManage:359 - Loaded plugin tutovideos (category:base,tabindex:-1)
2024-10-09 17:50:26,154 [INFO] PluginManage:310 - Check plugin updater
2024-10-09 17:50:26,168 [INFO] PluginManage:359 - Loaded plugin updater (category:base,tabindex:12)
2024-10-09 17:50:26,168 [INFO] PluginManage:310 - Check plugin userauth
2024-10-09 17:50:26,172 [INFO] UserAuth:113 - Init User Auth plugin
2024-10-09 17:50:26,172 [INFO] PluginManage:359 - Loaded plugin userauth (category:base,tabindex:14)
2024-10-09 17:50:26,172 [INFO] PluginManage:283 - PluginManage : Loaded plugins [18]
2024-10-09 17:50:26,295 [INFO] PinOutPanel:1561 - setPackage(No Configuration,No Configuration)
2024-10-09 17:50:26,343 [INFO] CADModel:165 - CPN selected for project level
2024-10-09 17:50:26,343 [INFO] CADModel:114 - Register for checkConnection events
2024-10-09 17:50:26,350 [INFO] IPUIPlugin:80 - create IPUIPlugin
2024-10-09 17:50:26,351 [INFO] PluginManager:220 - loadIPPluginJar : add linkedlist
2024-10-09 17:50:26,352 [INFO] IPUIPlugin:80 - create IPUIPlugin
2024-10-09 17:50:26,352 [INFO] PluginManager:220 - loadIPPluginJar : add fatfs
2024-10-09 17:50:26,353 [INFO] IPUIPlugin:80 - create IPUIPlugin
2024-10-09 17:50:26,353 [INFO] PluginManager:220 - loadIPPluginJar : add tracer_emb
2024-10-09 17:50:26,358 [INFO] IPUIPlugin:80 - create IPUIPlugin
2024-10-09 17:50:26,358 [INFO] PluginManager:220 - loadIPPluginJar : add stm32_wpan
2024-10-09 17:50:26,359 [INFO] IPUIPlugin:80 - create IPUIPlugin
2024-10-09 17:50:26,359 [INFO] PluginManager:220 - loadIPPluginJar : add touchsensing
2024-10-09 17:50:26,360 [INFO] IPUIPlugin:80 - create IPUIPlugin
2024-10-09 17:50:26,360 [INFO] PluginManager:220 - loadIPPluginJar : add i2s
2024-10-09 17:50:26,361 [INFO] IPUIPlugin:80 - create IPUIPlugin
2024-10-09 17:50:26,361 [INFO] PluginManager:220 - loadIPPluginJar : add dfsdm
2024-10-09 17:50:26,362 [INFO] IPUIPlugin:80 - create IPUIPlugin
2024-10-09 17:50:26,362 [INFO] PluginManager:220 - loadIPPluginJar : add resmgrutility
2024-10-09 17:50:26,363 [INFO] IPUIPlugin:80 - create IPUIPlugin
2024-10-09 17:50:26,363 [INFO] PluginManager:220 - loadIPPluginJar : add pdm2pcm
2024-10-09 17:50:26,364 [INFO] IPUIPlugin:80 - create IPUIPlugin
2024-10-09 17:50:26,364 [INFO] PluginManager:220 - loadIPPluginJar : add tim
2024-10-09 17:50:26,365 [INFO] IPUIPlugin:80 - create IPUIPlugin
2024-10-09 17:50:26,365 [INFO] PluginManager:220 - loadIPPluginJar : add lorawan
2024-10-09 17:50:26,367 [INFO] IPUIPlugin:80 - create IPUIPlugin
2024-10-09 17:50:26,367 [INFO] PluginManager:220 - loadIPPluginJar : add fmc
2024-10-09 17:50:26,368 [INFO] IPUIPlugin:80 - create IPUIPlugin
2024-10-09 17:50:26,369 [INFO] PluginManager:220 - loadIPPluginJar : add can
2024-10-09 17:50:26,370 [INFO] IPUIPlugin:80 - create IPUIPlugin
2024-10-09 17:50:26,370 [INFO] PluginManager:220 - loadIPPluginJar : add usbx
2024-10-09 17:50:26,370 [INFO] IPUIPlugin:80 - create IPUIPlugin
2024-10-09 17:50:26,370 [INFO] PluginManager:220 - loadIPPluginJar : add ltdc
2024-10-09 17:50:26,371 [INFO] IPUIPlugin:80 - create IPUIPlugin
2024-10-09 17:50:26,371 [INFO] PluginManager:220 - loadIPPluginJar : add ts
2024-10-09 17:50:26,372 [INFO] IPUIPlugin:80 - create IPUIPlugin
2024-10-09 17:50:26,372 [INFO] PluginManager:220 - loadIPPluginJar : add openamp
2024-10-09 17:50:26,372 [INFO] IPUIPlugin:80 - create IPUIPlugin
2024-10-09 17:50:26,373 [INFO] PluginManager:220 - loadIPPluginJar : add tsc
2024-10-09 17:50:26,374 [INFO] IPUIPlugin:80 - create IPUIPlugin
2024-10-09 17:50:26,374 [INFO] PluginManager:220 - loadIPPluginJar : add i2c
2024-10-09 17:50:26,374 [INFO] IPUIPlugin:80 - create IPUIPlugin
2024-10-09 17:50:26,374 [INFO] PluginManager:220 - loadIPPluginJar : add genericplugin
2024-10-09 17:50:26,375 [INFO] IPUIPlugin:80 - create IPUIPlugin
2024-10-09 17:50:26,375 [INFO] PluginManager:220 - loadIPPluginJar : add spi
2024-10-09 17:50:26,377 [INFO] IPUIPlugin:80 - create IPUIPlugin
2024-10-09 17:50:26,377 [INFO] PluginManager:220 - loadIPPluginJar : add nvic
2024-10-09 17:50:26,378 [INFO] IPUIPlugin:80 - create IPUIPlugin
2024-10-09 17:50:26,378 [INFO] PluginManager:220 - loadIPPluginJar : add ucpd
2024-10-09 17:50:26,380 [INFO] IPUIPlugin:80 - create IPUIPlugin
2024-10-09 17:50:26,380 [INFO] PluginManager:220 - loadIPPluginJar : add gic
2024-10-09 17:50:26,381 [INFO] IPUIPlugin:80 - create IPUIPlugin
2024-10-09 17:50:26,381 [INFO] PluginManager:220 - loadIPPluginJar : add dma3
2024-10-09 17:50:26,382 [INFO] IPUIPlugin:80 - create IPUIPlugin
2024-10-09 17:50:26,383 [INFO] PluginManager:220 - loadIPPluginJar : add radio
2024-10-09 17:50:26,386 [INFO] IPUIPlugin:80 - create IPUIPlugin
2024-10-09 17:50:26,386 [INFO] PluginManager:220 - loadIPPluginJar : add adc
2024-10-09 17:50:26,389 [INFO] IPUIPlugin:80 - create IPUIPlugin
2024-10-09 17:50:26,389 [INFO] PluginManager:220 - loadIPPluginJar : add mdma
2024-10-09 17:50:26,391 [INFO] IPUIPlugin:80 - create IPUIPlugin
2024-10-09 17:50:26,391 [INFO] PluginManager:220 - loadIPPluginJar : add gtzc
2024-10-09 17:50:26,391 [INFO] IPUIPlugin:80 - create IPUIPlugin
2024-10-09 17:50:26,391 [INFO] PluginManager:220 - loadIPPluginJar : add quadspi
2024-10-09 17:50:26,392 [INFO] IPUIPlugin:80 - create IPUIPlugin
2024-10-09 17:50:26,393 [INFO] PluginManager:220 - loadIPPluginJar : add extmemmanager
2024-10-09 17:50:26,393 [INFO] IPUIPlugin:80 - create IPUIPlugin
2024-10-09 17:50:26,394 [INFO] PluginManager:220 - loadIPPluginJar : add usart
2024-10-09 17:50:26,395 [INFO] IPUIPlugin:80 - create IPUIPlugin
2024-10-09 17:50:26,395 [INFO] PluginManager:220 - loadIPPluginJar : add opamp
2024-10-09 17:50:26,396 [INFO] IPUIPlugin:80 - create IPUIPlugin
2024-10-09 17:50:26,396 [INFO] PluginManager:220 - loadIPPluginJar : add i3c
2024-10-09 17:50:26,399 [INFO] IPUIPlugin:80 - create IPUIPlugin
2024-10-09 17:50:26,400 [INFO] PluginManager:220 - loadIPPluginJar : add plateformsettings
2024-10-09 17:50:26,402 [INFO] IPUIPlugin:80 - create IPUIPlugin
2024-10-09 17:50:26,402 [INFO] PluginManager:220 - loadIPPluginJar : add ipddr
2024-10-09 17:50:26,403 [INFO] IPUIPlugin:80 - create IPUIPlugin
2024-10-09 17:50:26,403 [INFO] PluginManager:220 - loadIPPluginJar : add sai
2024-10-09 17:50:26,404 [INFO] IPUIPlugin:80 - create IPUIPlugin
2024-10-09 17:50:26,404 [INFO] PluginManager:220 - loadIPPluginJar : add comp
2024-10-09 17:50:26,405 [INFO] IPUIPlugin:80 - create IPUIPlugin
2024-10-09 17:50:26,405 [INFO] PluginManager:220 - loadIPPluginJar : add hash
2024-10-09 17:50:26,408 [INFO] IPUIPlugin:80 - create IPUIPlugin
2024-10-09 17:50:26,408 [INFO] PluginManager:220 - loadIPPluginJar : add dma
2024-10-09 17:50:26,409 [INFO] IPUIPlugin:80 - create IPUIPlugin
2024-10-09 17:50:26,409 [INFO] PluginManager:220 - loadIPPluginJar : add ddr_ctrl_phy
2024-10-09 17:50:26,410 [INFO] IPUIPlugin:80 - create IPUIPlugin
2024-10-09 17:50:26,410 [INFO] PluginManager:220 - loadIPPluginJar : add aes
2024-10-09 17:50:26,413 [INFO] IPUIPlugin:80 - create IPUIPlugin
2024-10-09 17:50:26,413 [INFO] PluginManager:220 - loadIPPluginJar : add freertos
2024-10-09 17:50:26,415 [INFO] IPUIPlugin:80 - create IPUIPlugin
2024-10-09 17:50:26,415 [INFO] PluginManager:220 - loadIPPluginJar : add gpio
2024-10-09 17:50:26,415 [INFO] IPUIPlugin:80 - create IPUIPlugin
2024-10-09 17:50:26,416 [INFO] PluginManager:220 - loadIPPluginJar : add cryp
2024-10-09 17:50:26,416 [INFO] IPUIPlugin:80 - create IPUIPlugin
2024-10-09 17:50:26,416 [INFO] PluginManager:220 - loadIPPluginJar : add gfxmmu
2024-10-09 17:50:26,506 [INFO] CADModel:165 - CPN selected for project level
2024-10-09 17:50:26,507 [INFO] CADModel:114 - Register for checkConnection events
2024-10-09 17:50:26,507 [FATAL] Updater:334 - Updater called before beeing initialized
2024-10-09 17:50:26,507 [ERROR] CADModel:125 - Updater not yet initialized, retry later 
2024-10-09 17:50:26,585 [INFO] CADModel:165 - CPN selected for project level
2024-10-09 17:50:26,585 [INFO] CADModel:114 - Register for checkConnection events
2024-10-09 17:50:26,585 [FATAL] Updater:334 - Updater called before beeing initialized
2024-10-09 17:50:26,585 [ERROR] CADModel:125 - Updater not yet initialized, retry later 
2024-10-09 17:50:26,587 [FATAL] Updater:334 - Updater called before beeing initialized
2024-10-09 17:50:26,661 [FATAL] Updater:334 - Updater called before beeing initialized
2024-10-09 17:50:26,665 [INFO] DbMcusAds:53 - JSON generation date=Fri Sep 20 15:04:23 CEST 2024 (1726837463113)
2024-10-09 17:50:26,665 [FATAL] Updater:334 - Updater called before beeing initialized
2024-10-09 17:50:26,693 [WARN] DetailPanel:346 - Failed to get advertising image, set to default
2024-10-09 17:50:26,768 [FATAL] Updater:334 - Updater called before beeing initialized
2024-10-09 17:50:26,769 [FATAL] Updater:334 - Updater called before beeing initialized
2024-10-09 17:50:26,770 [FATAL] Updater:334 - Updater called before beeing initialized
2024-10-09 17:50:26,770 [WARN] DetailPanel:346 - Failed to get advertising image, set to default
2024-10-09 17:50:26,770 [FATAL] Updater:334 - Updater called before beeing initialized
2024-10-09 17:50:26,816 [ERROR] Updater:1164 - MainUpdater not yet initialized. External WinMGr cannot be set.
2024-10-09 17:50:26,817 [INFO] Updater:1100 - Updater Version found : 6.12.1
2024-10-09 17:50:26,829 [INFO] ApplicationProperties:184 - Using Application install path: /home/athul-muralidhar/st/stm32cubeide_1.15.1/plugins/com.st.stm32cube.common.mx_6.12.1.202409122256
2024-10-09 17:50:27,267 [INFO] MainUpdater:2873 - connection check result : 10
2024-10-09 17:50:27,267 [INFO] MainUpdater:290 - Updater Check For Update Now.
2024-10-09 17:50:27,268 [INFO] MicroXplorer:498 - Change Database Version : DB.6.0.121
2024-10-09 17:50:27,271 [INFO] McuFinderGlobals:63 - Set McuFinder mode to 2 (CubeIDE integrated)
2024-10-09 17:50:27,271 [INFO] UserAuth:417 - Internet connection configuration mode: 1
2024-10-09 17:50:27,281 [INFO] JxBrowserEngine:152 - Initiate JxBrowser Engine with user profile folder
2024-10-09 17:50:27,430 [INFO] CheckServerUpdateThread:120 - End of CheckServer Thread
2024-10-09 17:50:27,859 [INFO] WebApp:167 - Instantiating new browser for Auth
2024-10-09 17:50:28,744 [INFO] WebApp:448 - Apply proxy settings
2024-10-09 17:50:28,745 [INFO] WebApp:533 - Chromium requires no authentication
2024-10-09 17:50:28,755 [INFO] WebApp:476 - Direct internet connection detected
2024-10-09 17:50:28,778 [INFO] WebApp:869 - Register for checkConnection events
2024-10-09 17:50:28,779 [INFO] WebApp:448 - Apply proxy settings
2024-10-09 17:50:28,779 [INFO] WebApp:533 - Chromium requires no authentication
2024-10-09 17:50:28,780 [INFO] WebApp:476 - Direct internet connection detected
2024-10-09 17:50:28,949 [INFO] WebApp:220 - Starting web application
2024-10-09 17:50:28,949 [INFO] WebApp:578 - Web application path used /home/athul-muralidhar/st/stm32cubeide_1.15.1/plugins/com.st.stm32cube.common.mx_6.12.1.202409122256/db/plugins/mcufinder/reactClient1/index.html
2024-10-09 17:50:29,063 [INFO] UserAuth:417 - Internet connection configuration mode: 1
2024-10-09 17:50:29,177 [WARN] PackLoader:240 - Cannot read IP mode file for STMicroelectronics.FP-SNS-MOTENVWB1.1.4.0
2024-10-09 17:50:29,190 [WARN] PackLoader:240 - Cannot read IP mode file for STMicroelectronics.X-CUBE-SMBUS.2.1.0
2024-10-09 17:50:29,202 [WARN] PackLoader:240 - Cannot read IP mode file for STMicroelectronics.X-CUBE-WB05N.1.1.0
2024-10-09 17:50:29,208 [WARN] PackLoader:240 - Cannot read IP mode file for STMicroelectronics.X-CUBE-TOUCHGFX.4.23.2
2024-10-09 17:50:29,242 [WARN] PackLoader:240 - Cannot read IP mode file for STMicroelectronics.X-CUBE-AZRTOS-F7.1.1.0
2024-10-09 17:50:29,279 [INFO] WebApp:186 - Connection restablished
2024-10-09 17:50:29,358 [WARN] PackLoader:240 - Cannot read IP mode file for STMicroelectronics.X-CUBE-MEMS1.11.0.0
2024-10-09 17:50:29,646 [WARN] PackLoader:240 - Cannot read IP mode file for STMicroelectronics.FP-SNS-FLIGHT1.5.0.2
2024-10-09 17:50:29,660 [WARN] PackLoader:240 - Cannot read IP mode file for STMicroelectronics.X-CUBE-DISPLAY.3.0.0
2024-10-09 17:50:29,688 [WARN] PackLoader:240 - Cannot read IP mode file for STMicroelectronics.X-CUBE-BLE1.7.0.0
2024-10-09 17:50:29,699 [WARN] PackLoader:240 - Cannot read IP mode file for STMicroelectronics.X-CUBE-NFC10.1.0.0
2024-10-09 17:50:29,710 [WARN] PackLoader:240 - Cannot read IP mode file for emotas.I-CUBE-CANOPEN.1.3.0
2024-10-09 17:50:29,728 [WARN] PackLoader:240 - Cannot read IP mode file for STMicroelectronics.X-CUBE-BLEMGR.3.1.0
2024-10-09 17:50:29,738 [WARN] PackLoader:240 - Cannot read IP mode file for STMicroelectronics.FP-SNS-SMARTAG2.1.2.0
2024-10-09 17:50:29,756 [INFO] LogOutputStream:77 - [STDOUT_REDIRECT] 1 : Invalid condition id : UX_CORESTACK_Condition cause : null
2024-10-09 17:50:29,757 [INFO] LogOutputStream:77 - [STDOUT_REDIRECT] 1 : Invalid condition id : UX_CORESTACK_Condition cause : null
2024-10-09 17:50:29,757 [INFO] LogOutputStream:77 - [STDOUT_REDIRECT] 1 : Invalid condition id : UX_CORESTACK_Condition cause : null
2024-10-09 17:50:29,758 [INFO] LogOutputStream:77 - [STDOUT_REDIRECT] 1 : Invalid condition id : UX_CORESTACK_Condition cause : null
2024-10-09 17:50:29,758 [INFO] LogOutputStream:77 - [STDOUT_REDIRECT] 1 : Invalid condition id : UX_CORESTACK_Condition cause : null
2024-10-09 17:50:29,765 [WARN] PackLoader:240 - Cannot read IP mode file for STMicroelectronics.X-CUBE-AZRTOS-WL.2.0.0
2024-10-09 17:50:29,773 [WARN] PackLoader:240 - Cannot read IP mode file for STMicroelectronics.FP-SNS-MOTENV1.5.0.0
2024-10-09 17:50:29,780 [WARN] PackLoader:240 - Cannot read IP mode file for wolfSSL.I-CUBE-wolfMQTT.1.19.0
2024-10-09 17:50:29,789 [WARN] PackLoader:240 - Cannot read IP mode file for WES.I-CUBE-Cesium.1.3.0
2024-10-09 17:50:29,795 [WARN] PackLoader:240 - Cannot read IP mode file for STMicroelectronics.X-CUBE-BLE2.3.3.0
2024-10-09 17:50:29,803 [WARN] PackLoader:240 - Cannot read IP mode file for STMicroelectronics.X-CUBE-NFC9.1.0.0
2024-10-09 17:50:29,812 [WARN] PackLoader:240 - Cannot read IP mode file for STMicroelectronics.X-CUBE-TCPP.4.1.0
2024-10-09 17:50:29,839 [WARN] PackLoader:240 - Cannot read IP mode file for STMicroelectronics.X-CUBE-AZRTOS-G0.1.1.0
2024-10-09 17:50:29,849 [WARN] PackLoader:240 - Cannot read IP mode file for STMicroelectronics.X-CUBE-SAFEA1.1.2.2
2024-10-09 17:50:29,855 [WARN] PackLoader:240 - Cannot read IP mode file for STMicroelectronics.X-CUBE-NFC4.3.0.0
2024-10-09 17:50:29,872 [WARN] PackLoader:240 - Cannot read IP mode file for EmbeddedOffice.I-CUBE-FS-RTOS.1.0.1
2024-10-09 17:50:29,872 [ERROR] ConditionMgr:805 - Attr not supported : Dmpu
2024-10-09 17:50:29,873 [ERROR] ConditionMgr:805 - Attr not supported : Dmpu
2024-10-09 17:50:29,873 [ERROR] ConditionMgr:805 - Attr not supported : Dmpu
2024-10-09 17:50:29,873 [ERROR] ConditionMgr:805 - Attr not supported : Dmpu
2024-10-09 17:50:29,873 [ERROR] ConditionMgr:805 - Attr not supported : Dmpu
2024-10-09 17:50:29,873 [ERROR] ConditionMgr:805 - Attr not supported : Dmpu
2024-10-09 17:50:29,873 [ERROR] ConditionMgr:805 - Attr not supported : Dmpu
2024-10-09 17:50:29,874 [ERROR] ConditionMgr:805 - Attr not supported : Dmpu
2024-10-09 17:50:29,874 [ERROR] ConditionMgr:805 - Attr not supported : Dmpu
2024-10-09 17:50:29,874 [ERROR] ConditionMgr:805 - Attr not supported : Dmpu
2024-10-09 17:50:29,874 [ERROR] ConditionMgr:805 - Attr not supported : Dmpu
2024-10-09 17:50:29,874 [ERROR] ConditionMgr:805 - Attr not supported : Dmpu
2024-10-09 17:50:29,874 [ERROR] ConditionMgr:805 - Attr not supported : Dmpu
2024-10-09 17:50:29,875 [ERROR] ConditionMgr:805 - Attr not supported : Dmpu
2024-10-09 17:50:29,875 [ERROR] ConditionMgr:805 - Attr not supported : Dmpu
2024-10-09 17:50:29,875 [ERROR] ConditionMgr:805 - Attr not supported : Dmpu
2024-10-09 17:50:29,875 [ERROR] ConditionMgr:805 - Attr not supported : Dmpu
2024-10-09 17:50:29,875 [ERROR] ConditionMgr:805 - Attr not supported : Dmpu
2024-10-09 17:50:29,875 [ERROR] ConditionMgr:805 - Attr not supported : Dmpu
2024-10-09 17:50:29,876 [ERROR] ConditionMgr:805 - Attr not supported : Dmpu
2024-10-09 17:50:29,876 [ERROR] ConditionMgr:805 - Attr not supported : Dmpu
2024-10-09 17:50:29,876 [ERROR] ConditionMgr:805 - Attr not supported : Dmpu
2024-10-09 17:50:29,876 [ERROR] ConditionMgr:805 - Attr not supported : Dmpu
2024-10-09 17:50:29,876 [ERROR] ConditionMgr:805 - Attr not supported : Dmpu
2024-10-09 17:50:29,876 [ERROR] ConditionMgr:805 - Attr not supported : Dmpu
2024-10-09 17:50:29,877 [ERROR] ConditionMgr:805 - Attr not supported : Dmpu
2024-10-09 17:50:29,877 [ERROR] ConditionMgr:805 - Attr not supported : Dmpu
2024-10-09 17:50:29,877 [ERROR] ConditionMgr:805 - Attr not supported : Dmpu
2024-10-09 17:50:29,877 [ERROR] ConditionMgr:805 - Attr not supported : Dmpu
2024-10-09 17:50:29,877 [ERROR] ConditionMgr:805 - Attr not supported : Dmpu
2024-10-09 17:50:29,877 [ERROR] ConditionMgr:805 - Attr not supported : Dmpu
2024-10-09 17:50:29,877 [ERROR] ConditionMgr:805 - Attr not supported : Dmpu
2024-10-09 17:50:29,878 [ERROR] ConditionMgr:805 - Attr not supported : Dmpu
2024-10-09 17:50:29,878 [ERROR] ConditionMgr:805 - Attr not supported : Dmpu
2024-10-09 17:50:29,878 [ERROR] ConditionMgr:805 - Attr not supported : Dmpu
2024-10-09 17:50:29,878 [ERROR] ConditionMgr:805 - Attr not supported : Dmpu
2024-10-09 17:50:29,878 [ERROR] ConditionMgr:805 - Attr not supported : Dmpu
2024-10-09 17:50:29,878 [ERROR] ConditionMgr:805 - Attr not supported : Dmpu
2024-10-09 17:50:29,879 [ERROR] ConditionMgr:805 - Attr not supported : Dmpu
2024-10-09 17:50:29,879 [ERROR] ConditionMgr:805 - Attr not supported : Dmpu
2024-10-09 17:50:29,879 [ERROR] ConditionMgr:805 - Attr not supported : Dmpu
2024-10-09 17:50:29,879 [ERROR] ConditionMgr:805 - Attr not supported : Dmpu
2024-10-09 17:50:29,879 [ERROR] ConditionMgr:805 - Attr not supported : Dmpu
2024-10-09 17:50:29,879 [ERROR] ConditionMgr:805 - Attr not supported : Dmpu
2024-10-09 17:50:29,880 [ERROR] ConditionMgr:805 - Attr not supported : Dmpu
2024-10-09 17:50:29,880 [ERROR] ConditionMgr:805 - Attr not supported : Dmpu
2024-10-09 17:50:29,880 [ERROR] ConditionMgr:805 - Attr not supported : Dmpu
2024-10-09 17:50:29,880 [ERROR] ConditionMgr:805 - Attr not supported : Dmpu
2024-10-09 17:50:29,880 [ERROR] ConditionMgr:805 - Attr not supported : Dmpu
2024-10-09 17:50:29,880 [ERROR] ConditionMgr:805 - Attr not supported : Dmpu
2024-10-09 17:50:29,881 [ERROR] ConditionMgr:805 - Attr not supported : Dmpu
2024-10-09 17:50:29,881 [ERROR] ConditionMgr:805 - Attr not supported : Dmpu
2024-10-09 17:50:29,881 [ERROR] ConditionMgr:805 - Attr not supported : Dmpu
2024-10-09 17:50:29,881 [ERROR] ConditionMgr:805 - Attr not supported : Dmpu
2024-10-09 17:50:29,881 [ERROR] ConditionMgr:805 - Attr not supported : Dmpu
2024-10-09 17:50:29,882 [ERROR] ConditionMgr:805 - Attr not supported : Dmpu
2024-10-09 17:50:29,882 [ERROR] ConditionMgr:805 - Attr not supported : Dmpu
2024-10-09 17:50:29,882 [ERROR] ConditionMgr:805 - Attr not supported : Dmpu
2024-10-09 17:50:29,882 [ERROR] ConditionMgr:805 - Attr not supported : Dmpu
2024-10-09 17:50:29,882 [ERROR] ConditionMgr:805 - Attr not supported : Dmpu
2024-10-09 17:50:29,882 [ERROR] ConditionMgr:805 - Attr not supported : Dmpu
2024-10-09 17:50:29,882 [ERROR] ConditionMgr:805 - Attr not supported : Dmpu
2024-10-09 17:50:29,883 [ERROR] ConditionMgr:805 - Attr not supported : Dmpu
2024-10-09 17:50:29,883 [ERROR] ConditionMgr:805 - Attr not supported : Dmpu
2024-10-09 17:50:29,888 [WARN] PackLoader:240 - Cannot read IP mode file for RealThread.X-CUBE-RT-Thread_Nano.4.1.1
2024-10-09 17:50:29,894 [WARN] PackLoader:240 - Cannot read IP mode file for wolfSSL.I-CUBE-wolfSSL.5.7.0
2024-10-09 17:50:29,898 [WARN] PackLoader:240 - Cannot read IP mode file for STMicroelectronics.FP-ATR-SIGFOX1.3.2.0
2024-10-09 17:50:29,903 [WARN] PackLoader:240 - Cannot read IP mode file for STMicroelectronics.X-CUBE-EEPRMA1.5.1.0
2024-10-09 17:50:29,909 [WARN] PackLoader:240 - Cannot read IP mode file for ITTIA_DB.I-CUBE-ITTIADB.8.9.0
2024-10-09 17:50:29,944 [WARN] PackLoader:240 - Cannot read IP mode file for SEGGER.I-CUBE-embOS.1.3.1
2024-10-09 17:50:29,986 [WARN] PackLoader:240 - Cannot read IP mode file for STMicroelectronics.X-CUBE-ALGOBUILD.1.4.0
2024-10-09 17:50:29,991 [WARN] PackLoader:240 - Cannot read IP mode file for STMicroelectronics.X-CUBE-AI.9.1.0
2024-10-09 17:50:29,997 [WARN] PackLoader:240 - Cannot read IP mode file for STMicroelectronics.X-CUBE-GNSS1.6.0.0
2024-10-09 17:50:30,011 [WARN] PackLoader:240 - Cannot read IP mode file for STMicroelectronics.X-CUBE-AZRTOS-F4.1.1.0
2024-10-09 17:50:30,018 [WARN] PackLoader:240 - Cannot read IP mode file for STMicroelectronics.X-CUBE-ISPU.2.1.0
2024-10-09 17:50:30,022 [WARN] PackLoader:240 - Cannot read IP mode file for STMicroelectronics.X-CUBE-FREERTOS.1.2.0
2024-10-09 17:50:30,037 [WARN] PackLoader:240 - Cannot read IP mode file for STMicroelectronics.X-CUBE-AZRTOS-L5.2.0.0
2024-10-09 17:50:30,046 [WARN] PackLoader:240 - Cannot read IP mode file for STMicroelectronics.X-CUBE-NFC6.3.1.0
2024-10-09 17:50:30,053 [WARN] PackLoader:240 - Cannot read IP mode file for STMicroelectronics.X-CUBE-DPower.1.2.0
2024-10-09 17:50:30,056 [WARN] PackLoader:240 - Cannot read IP mode file for STMicroelectronics.X-CUBE-AI.9.0.0
2024-10-09 17:50:30,061 [WARN] PackLoader:240 - Cannot read IP mode file for STMicroelectronics.X-CUBE-NFC7.1.0.1
2024-10-09 17:50:30,065 [WARN] PackLoader:240 - Cannot read IP mode file for wolfSSL.I-CUBE-wolfTPM.3.2.0
2024-10-09 17:50:30,079 [WARN] ConditionMgr:438 - getConditionDescription Invalid condition id : LAN8742 Phy interface Condition cause : null
2024-10-09 17:50:30,080 [WARN] PackLoader:240 - Cannot read IP mode file for STMicroelectronics.X-CUBE-AZRTOS-L4.2.0.0
2024-10-09 17:50:30,081 [WARN] ConditionMgr:1039 - genDependencies : Invalid condition id : LAN8742 Phy interface Condition cause : null
2024-10-09 17:50:30,082 [WARN] ConditionMgr:1039 - genDependencies : Invalid condition id : LAN8742 Phy interface Condition cause : null
2024-10-09 17:50:30,082 [WARN] ConditionMgr:1039 - genDependencies : Invalid condition id : LAN8742 Phy interface Condition cause : null
2024-10-09 17:50:30,091 [WARN] PackLoader:240 - Cannot read IP mode file for STMicroelectronics.X-CUBE-SFXS2LP1.4.0.0
2024-10-09 17:50:30,111 [WARN] PackLoader:240 - Cannot read IP mode file for STMicroelectronics.X-CUBE-AZRTOS-H7.3.3.0
2024-10-09 17:50:30,137 [WARN] PackLoader:240 - Cannot read IP mode file for STMicroelectronics.X-CUBE-IPS.3.0.0
2024-10-09 17:50:30,163 [WARN] ConditionMgr:438 - getConditionDescription Invalid condition id : UX DEVICE CLASS RTOS Condition cause : null
2024-10-09 17:50:30,164 [WARN] ConditionMgr:438 - getConditionDescription Invalid condition id : UX DEVICE CLASS RTOS Condition cause : null
2024-10-09 17:50:30,167 [WARN] PackLoader:240 - Cannot read IP mode file for STMicroelectronics.X-CUBE-AZRTOS-WB.2.0.0
2024-10-09 17:50:30,168 [WARN] ConditionMgr:1039 - genDependencies : Invalid condition id : UX DEVICE CLASS RTOS Condition cause : null
2024-10-09 17:50:30,169 [WARN] ConditionMgr:1039 - genDependencies : Invalid condition id : UX DEVICE CLASS RTOS Condition cause : null
2024-10-09 17:50:30,169 [WARN] ConditionMgr:1039 - genDependencies : Invalid condition id : UX DEVICE CLASS RTOS Condition cause : null
2024-10-09 17:50:30,170 [WARN] ConditionMgr:1039 - genDependencies : Invalid condition id : UX DEVICE CLASS RTOS Condition cause : null
2024-10-09 17:50:30,170 [WARN] ConditionMgr:1039 - genDependencies : Invalid condition id : UX DEVICE CLASS RTOS Condition cause : null
2024-10-09 17:50:30,177 [WARN] PackLoader:240 - Cannot read IP mode file for STMicroelectronics.X-CUBE-GNSS1.7.0.0
2024-10-09 17:50:30,187 [WARN] PackLoader:240 - Cannot read IP mode file for STMicroelectronics.FP-SNS-STBOX1.2.0.0
2024-10-09 17:50:30,206 [WARN] PackLoader:240 - Cannot read IP mode file for STMicroelectronics.X-CUBE-SUBG2.5.0.0
2024-10-09 17:50:30,225 [WARN] PackLoader:240 - Cannot read IP mode file for Cesanta.I-CUBE-Mongoose.7.13.0
2024-10-09 17:50:30,236 [WARN] PackLoader:240 - Cannot read IP mode file for STMicroelectronics.X-CUBE-AZRTOS-G4.2.0.0
2024-10-09 17:50:30,243 [WARN] PackLoader:240 - Cannot read IP mode file for STMicroelectronics.X-CUBE-ISPU.2.0.0
2024-10-09 17:50:30,248 [WARN] PackLoader:240 - Cannot read IP mode file for STMicroelectronics.X-CUBE-ALS.1.0.2
2024-10-09 17:50:30,308 [WARN] PackLoader:240 - Cannot read IP mode file for STMicroelectronics.X-CUBE-MEMS1.10.0.0
2024-10-09 17:50:30,460 [WARN] PackLoader:240 - Cannot read IP mode file for STMicroelectronics.X-CUBE-TOUCHGFX.4.24.0
2024-10-09 17:50:30,463 [WARN] PackLoader:240 - Cannot read IP mode file for STMicroelectronics.X-CUBE-TOUCHGFX.4.24.1
2024-10-09 17:50:30,468 [WARN] PackLoader:240 - Cannot read IP mode file for portGmbH.I-Cube-SoM-uGOAL.1.1.0
2024-10-09 17:50:30,473 [WARN] PackLoader:240 - Cannot read IP mode file for STMicroelectronics.X-CUBE-ALS.1.0.1
2024-10-09 17:50:30,494 [WARN] PackLoader:240 - Cannot read IP mode file for STMicroelectronics.X-CUBE-AZRTOS-H7RS.1.0.0
2024-10-09 17:50:30,501 [WARN] PackLoader:240 - Cannot read IP mode file for STMicroelectronics.FP-ATR-ASTRA1.2.0.0
2024-10-09 17:50:30,513 [WARN] PackLoader:240 - Cannot read IP mode file for STMicroelectronics.X-CUBE-TOF1.3.4.2
2024-10-09 17:50:30,544 [WARN] PackLoader:240 - Cannot read IP mode file for STMicroelectronics.X-CUBE-TOF1.3.4.1
2024-10-09 17:50:30,578 [WARN] PackLoader:240 - Cannot read IP mode file for STMicroelectronics.X-CUBE-AZRTOS-H7.3.2.0
2024-10-09 17:50:30,597 [WARN] PackLoader:240 - Cannot read IP mode file for Infineon.AIROC-Wi-Fi-Bluetooth-STM32.1.6.0
2024-10-09 17:50:30,604 [WARN] PackLoader:240 - Cannot read IP mode file for wolfSSL.I-CUBE-wolfSSH.1.4.17
2024-10-09 17:50:30,605 [INFO] ThirdParty:978 - Integrity check success = true
2024-10-09 17:50:30,605 [INFO] IntegrityCheckThread:100 - exiting critical section [integrity check]
2024-10-09 17:50:30,605 [INFO] IntegrityCheckThread:103 - End integrity checks thread
2024-10-09 18:17:34,142 [INFO] WebApp:189 - Connection lost
2024-10-09 18:17:49,116 [INFO] WebApp:186 - Connection restablished
2024-10-09 18:59:31,976 [INFO] WebApp:189 - Connection lost
2024-10-09 18:59:39,633 [INFO] WebApp:186 - Connection restablished
2024-10-09 20:04:26,887 [INFO] WebApp:189 - Connection lost
2024-10-09 20:04:35,007 [INFO] WebApp:186 - Connection restablished
2024-10-09 20:17:55,230 [INFO] WebApp:189 - Connection lost
2024-10-09 20:18:03,223 [INFO] WebApp:186 - Connection restablished
2024-10-09 20:42:54,955 [ERROR] LogOutputStream:75 - [STDERR_REDIRECT] 
